# JRE version: OpenJDK Runtime Environment (8.0_242-b01) (build 1.8.0_242-release-1644-b01)
# Java VM: OpenJDK 64-Bit Server VM (25.242-b01 mixed mode windows-amd64 compressed oops)
Heap:
 PSYoungGen      total 534528K, used 60524K [0x00000000d5580000, 0x00000000f7e00000, 0x0000000100000000)
  eden space 503296K, 12% used [0x00000000d5580000,0x00000000d909b198,0x00000000f4100000)
  from space 31232K, 0% used [0x00000000f4100000,0x00000000f4100000,0x00000000f5f80000)
  to   space 29184K, 0% used [0x00000000f6000000,0x00000000f6000000,0x00000000f7c80000)
 ParOldGen       total 297472K, used 91872K [0x0000000080000000, 0x0000000092280000, 0x00000000d5580000)
  object space 297472K, 30% used [0x0000000080000000,0x00000000859b8338,0x0000000092280000)
 Metaspace       used 108282K, capacity 113915K, committed 114068K, reserved 1150976K
  class space    used 14164K, capacity 15280K, committed 15292K, reserved 1048576K
GC Heap History (10 events):
Event: 112.640 GC heap before
{Heap before GC invocations=20 (full 3):
 PSYoungGen      total 425984K, used 176100K [0x00000000d5580000, 0x00000000f1900000, 0x0000000100000000)
  eden space 406016K, 40% used [0x00000000d5580000,0x00000000df5df700,0x00000000ee200000)
  from space 19968K, 59% used [0x00000000f0580000,0x00000000f1119c70,0x00000000f1900000)
  to   space 28160K, 0% used [0x00000000ee200000,0x00000000ee200000,0x00000000efd80000)
 ParOldGen       total 208896K, used 78049K [0x0000000080000000, 0x000000008cc00000, 0x00000000d5580000)
  object space 208896K, 37% used [0x0000000080000000,0x0000000084c38788,0x000000008cc00000)
 Metaspace       used 93805K, capacity 98230K, committed 98324K, reserved 1134592K
  class space    used 12411K, capacity 13297K, committed 13372K, reserved 1048576K
Event: 112.673 GC heap after
Heap after GC invocations=20 (full 3):
 PSYoungGen      total 434176K, used 20561K [0x00000000d5580000, 0x00000000f7c80000, 0x0000000100000000)
  eden space 406016K, 0% used [0x00000000d5580000,0x00000000d5580000,0x00000000ee200000)
  from space 28160K, 73% used [0x00000000ee200000,0x00000000ef614548,0x00000000efd80000)
  to   space 29184K, 0% used [0x00000000f6000000,0x00000000f6000000,0x00000000f7c80000)
 ParOldGen       total 208896K, used 81119K [0x0000000080000000, 0x000000008cc00000, 0x00000000d5580000)
  object space 208896K, 38% used [0x0000000080000000,0x0000000084f37e10,0x000000008cc00000)
 Metaspace       used 93805K, capacity 98230K, committed 98324K, reserved 1134592K
  class space    used 12411K, capacity 13297K, committed 13372K, reserved 1048576K
}
Event: 112.673 GC heap before
{Heap before GC invocations=21 (full 4):
 PSYoungGen      total 434176K, used 20561K [0x00000000d5580000, 0x00000000f7c80000, 0x0000000100000000)
  eden space 406016K, 0% used [0x00000000d5580000,0x00000000d5580000,0x00000000ee200000)
  from space 28160K, 73% used [0x00000000ee200000,0x00000000ef614548,0x00000000efd80000)
  to   space 29184K, 0% used [0x00000000f6000000,0x00000000f6000000,0x00000000f7c80000)
 ParOldGen       total 208896K, used 81119K [0x0000000080000000, 0x000000008cc00000, 0x00000000d5580000)
  object space 208896K, 38% used [0x0000000080000000,0x0000000084f37e10,0x000000008cc00000)
 Metaspace       used 93805K, capacity 98230K, committed 98324K, reserved 1134592K
  class space    used 12411K, capacity 13297K, committed 13372K, reserved 1048576K
Event: 112.900 GC heap after
Heap after GC invocations=21 (full 4):
 PSYoungGen      total 434176K, used 0K [0x00000000d5580000, 0x00000000f7c80000, 0x0000000100000000)
  eden space 406016K, 0% used [0x00000000d5580000,0x00000000d5580000,0x00000000ee200000)
  from space 28160K, 0% used [0x00000000ee200000,0x00000000ee200000,0x00000000efd80000)
  to   space 29184K, 0% used [0x00000000f6000000,0x00000000f6000000,0x00000000f7c80000)
 ParOldGen       total 297472K, used 82069K [0x0000000080000000, 0x0000000092280000, 0x00000000d5580000)
  object space 297472K, 27% used [0x0000000080000000,0x0000000085025428,0x0000000092280000)
 Metaspace       used 93727K, capacity 98010K, committed 98324K, reserved 1134592K
  class space    used 12386K, capacity 13253K, committed 13372K, reserved 1048576K
}
Event: 700.848 GC heap before
{Heap before GC invocations=22 (full 4):
 PSYoungGen      total 434176K, used 406016K [0x00000000d5580000, 0x00000000f7c80000, 0x0000000100000000)
  eden space 406016K, 100% used [0x00000000d5580000,0x00000000ee200000,0x00000000ee200000)
  from space 28160K, 0% used [0x00000000ee200000,0x00000000ee200000,0x00000000efd80000)
  to   space 29184K, 0% used [0x00000000f6000000,0x00000000f6000000,0x00000000f7c80000)
 ParOldGen       total 297472K, used 82069K [0x0000000080000000, 0x0000000092280000, 0x00000000d5580000)
  object space 297472K, 27% used [0x0000000080000000,0x0000000085025428,0x0000000092280000)
 Metaspace       used 101398K, capacity 106228K, committed 106388K, reserved 1140736K
  class space    used 13179K, capacity 14142K, committed 14268K, reserved 1048576K
Event: 700.871 GC heap after
Heap after GC invocations=22 (full 4):
 PSYoungGen      total 532480K, used 23373K [0x00000000d5580000, 0x00000000f7e00000, 0x0000000100000000)
  eden space 503296K, 0% used [0x00000000d5580000,0x00000000d5580000,0x00000000f4100000)
  from space 29184K, 80% used [0x00000000f6000000,0x00000000f76d3548,0x00000000f7c80000)
  to   space 31232K, 0% used [0x00000000f4100000,0x00000000f4100000,0x00000000f5f80000)
 ParOldGen       total 297472K, used 82077K [0x0000000080000000, 0x0000000092280000, 0x00000000d5580000)
  object space 297472K, 27% used [0x0000000080000000,0x0000000085027428,0x0000000092280000)
 Metaspace       used 101398K, capacity 106228K, committed 106388K, reserved 1140736K
  class space    used 13179K, capacity 14142K, committed 14268K, reserved 1048576K
}
Event: 702.690 GC heap before
{Heap before GC invocations=23 (full 4):
 PSYoungGen      total 532480K, used 156638K [0x00000000d5580000, 0x00000000f7e00000, 0x0000000100000000)
  eden space 503296K, 26% used [0x00000000d5580000,0x00000000dd7a4458,0x00000000f4100000)
  from space 29184K, 80% used [0x00000000f6000000,0x00000000f76d3548,0x00000000f7c80000)
  to   space 31232K, 0% used [0x00000000f4100000,0x00000000f4100000,0x00000000f5f80000)
 ParOldGen       total 297472K, used 82077K [0x0000000080000000, 0x0000000092280000, 0x00000000d5580000)
  object space 297472K, 27% used [0x0000000080000000,0x0000000085027428,0x0000000092280000)
 Metaspace       used 105484K, capacity 110812K, committed 110868K, reserved 1153024K
  class space    used 13815K, capacity 14857K, committed 14908K, reserved 1048576K
Event: 702.719 GC heap after
Heap after GC invocations=23 (full 4):
 PSYoungGen      total 534528K, used 22909K [0x00000000d5580000, 0x00000000f7e00000, 0x0000000100000000)
  eden space 503296K, 0% used [0x00000000d5580000,0x00000000d5580000,0x00000000f4100000)
  from space 31232K, 73% used [0x00000000f4100000,0x00000000f575f730,0x00000000f5f80000)
  to   space 29184K, 0% used [0x00000000f6000000,0x00000000f6000000,0x00000000f7c80000)
 ParOldGen       total 297472K, used 98258K [0x0000000080000000, 0x0000000092280000, 0x00000000d5580000)
  object space 297472K, 33% used [0x0000000080000000,0x0000000085ff4a90,0x0000000092280000)
 Metaspace       used 105484K, capacity 110812K, committed 110868K, reserved 1153024K
  class space    used 13815K, capacity 14857K, committed 14908K, reserved 1048576K
}
Event: 702.719 GC heap before
{Heap before GC invocations=24 (full 5):
 PSYoungGen      total 534528K, used 22909K [0x00000000d5580000, 0x00000000f7e00000, 0x0000000100000000)
  eden space 503296K, 0% used [0x00000000d5580000,0x00000000d5580000,0x00000000f4100000)
  from space 31232K, 73% used [0x00000000f4100000,0x00000000f575f730,0x00000000f5f80000)
  to   space 29184K, 0% used [0x00000000f6000000,0x00000000f6000000,0x00000000f7c80000)
 ParOldGen       total 297472K, used 98258K [0x0000000080000000, 0x0000000092280000, 0x00000000d5580000)
  object space 297472K, 33% used [0x0000000080000000,0x0000000085ff4a90,0x0000000092280000)
 Metaspace       used 105484K, capacity 110812K, committed 110868K, reserved 1153024K
  class space    used 13815K, capacity 14857K, committed 14908K, reserved 1048576K
Event: 702.969 GC heap after
Heap after GC invocations=24 (full 5):
 PSYoungGen      total 534528K, used 0K [0x00000000d5580000, 0x00000000f7e00000, 0x0000000100000000)
  eden space 503296K, 0% used [0x00000000d5580000,0x00000000d5580000,0x00000000f4100000)
  from space 31232K, 0% used [0x00000000f4100000,0x00000000f4100000,0x00000000f5f80000)
  to   space 29184K, 0% used [0x00000000f6000000,0x00000000f6000000,0x00000000f7c80000)
 ParOldGen       total 297472K, used 91872K [0x0000000080000000, 0x0000000092280000, 0x00000000d5580000)
  object space 297472K, 30% used [0x0000000080000000,0x00000000859b8338,0x0000000092280000)
 Metaspace       used 105336K, capacity 110411K, committed 110868K, reserved 1148928K
  class space    used 13764K, capacity 14766K, committed 14908K, reserved 1048576K
}

