# JRE version: OpenJDK Runtime Environment (8.0_242-b01) (build 1.8.0_242-release-1644-b01)
# Java VM: OpenJDK 64-Bit Server VM (25.242-b01 mixed mode windows-amd64 compressed oops)
Heap:
 PSYoungGen      total 585728K, used 9762K [0x00000000d5580000, 0x00000000fbe00000, 0x0000000100000000)
  eden space 540160K, 1% used [0x00000000d5580000,0x00000000d5b41388,0x00000000f6500000)
  from space 45568K, 8% used [0x00000000f6500000,0x00000000f68c75d0,0x00000000f9180000)
  to   space 38912K, 0% used [0x00000000f9800000,0x00000000f9800000,0x00000000fbe00000)
 ParOldGen       total 341504K, used 119992K [0x0000000080000000, 0x0000000094d80000, 0x00000000d5580000)
  object space 341504K, 35% used [0x0000000080000000,0x000000008752e210,0x0000000094d80000)
 Metaspace       used 107132K, capacity 112174K, committed 112256K, reserved 1146880K
  class space    used 13772K, capacity 14717K, committed 14720K, reserved 1048576K
GC Heap History (10 events):
Event: 860.085 GC heap before
{Heap before GC invocations=25 (full 4):
 PSYoungGen      total 408064K, used 30019K [0x00000000d5580000, 0x00000000f5800000, 0x0000000100000000)
  eden space 370176K, 0% used [0x00000000d5580000,0x00000000d5580000,0x00000000ebf00000)
  from space 37888K, 79% used [0x00000000ebf00000,0x00000000edc50ea8,0x00000000ee400000)
  to   space 40448K, 0% used [0x00000000f3080000,0x00000000f3080000,0x00000000f5800000)
 ParOldGen       total 233472K, used 74198K [0x0000000080000000, 0x000000008e400000, 0x00000000d5580000)
  object space 233472K, 31% used [0x0000000080000000,0x0000000084875a18,0x000000008e400000)
 Metaspace       used 94259K, capacity 98390K, committed 98560K, reserved 1134592K
  class space    used 12121K, capacity 12933K, committed 13056K, reserved 1048576K
Event: 860.288 GC heap after
Heap after GC invocations=25 (full 4):
 PSYoungGen      total 408064K, used 0K [0x00000000d5580000, 0x00000000f5800000, 0x0000000100000000)
  eden space 370176K, 0% used [0x00000000d5580000,0x00000000d5580000,0x00000000ebf00000)
  from space 37888K, 0% used [0x00000000ebf00000,0x00000000ebf00000,0x00000000ee400000)
  to   space 40448K, 0% used [0x00000000f3080000,0x00000000f3080000,0x00000000f5800000)
 ParOldGen       total 341504K, used 79246K [0x0000000080000000, 0x0000000094d80000, 0x00000000d5580000)
  object space 341504K, 23% used [0x0000000080000000,0x0000000084d63b98,0x0000000094d80000)
 Metaspace       used 94225K, capacity 98290K, committed 98560K, reserved 1134592K
  class space    used 12111K, capacity 12915K, committed 13056K, reserved 1048576K
}
Event: 865.485 GC heap before
{Heap before GC invocations=26 (full 4):
 PSYoungGen      total 408064K, used 370176K [0x00000000d5580000, 0x00000000f5800000, 0x0000000100000000)
  eden space 370176K, 100% used [0x00000000d5580000,0x00000000ebf00000,0x00000000ebf00000)
  from space 37888K, 0% used [0x00000000ebf00000,0x00000000ebf00000,0x00000000ee400000)
  to   space 40448K, 0% used [0x00000000f3080000,0x00000000f3080000,0x00000000f5800000)
 ParOldGen       total 341504K, used 79246K [0x0000000080000000, 0x0000000094d80000, 0x00000000d5580000)
  object space 341504K, 23% used [0x0000000080000000,0x0000000084d63b98,0x0000000094d80000)
 Metaspace       used 104441K, capacity 109402K, committed 109696K, reserved 1144832K
  class space    used 13468K, capacity 14423K, committed 14464K, reserved 1048576K
Event: 865.513 GC heap after
Heap after GC invocations=26 (full 4):
 PSYoungGen      total 480768K, used 39261K [0x00000000d5580000, 0x00000000f6780000, 0x0000000100000000)
  eden space 440320K, 0% used [0x00000000d5580000,0x00000000d5580000,0x00000000f0380000)
  from space 40448K, 97% used [0x00000000f3080000,0x00000000f56d76c0,0x00000000f5800000)
  to   space 46080K, 0% used [0x00000000f0380000,0x00000000f0380000,0x00000000f3080000)
 ParOldGen       total 341504K, used 79254K [0x0000000080000000, 0x0000000094d80000, 0x00000000d5580000)
  object space 341504K, 23% used [0x0000000080000000,0x0000000084d65b98,0x0000000094d80000)
 Metaspace       used 104441K, capacity 109402K, committed 109696K, reserved 1144832K
  class space    used 13468K, capacity 14423K, committed 14464K, reserved 1048576K
}
Event: 867.793 GC heap before
{Heap before GC invocations=27 (full 4):
 PSYoungGen      total 480768K, used 479581K [0x00000000d5580000, 0x00000000f6780000, 0x0000000100000000)
  eden space 440320K, 100% used [0x00000000d5580000,0x00000000f0380000,0x00000000f0380000)
  from space 40448K, 97% used [0x00000000f3080000,0x00000000f56d76c0,0x00000000f5800000)
  to   space 46080K, 0% used [0x00000000f0380000,0x00000000f0380000,0x00000000f3080000)
 ParOldGen       total 341504K, used 79254K [0x0000000080000000, 0x0000000094d80000, 0x00000000d5580000)
  object space 341504K, 23% used [0x0000000080000000,0x0000000084d65b98,0x0000000094d80000)
 Metaspace       used 104739K, capacity 109704K, committed 109952K, reserved 1144832K
  class space    used 13492K, capacity 14430K, committed 14464K, reserved 1048576K
Event: 867.843 GC heap after
Heap after GC invocations=27 (full 4):
 PSYoungGen      total 486400K, used 3136K [0x00000000d5580000, 0x00000000fc580000, 0x0000000100000000)
  eden space 440320K, 0% used [0x00000000d5580000,0x00000000d5580000,0x00000000f0380000)
  from space 46080K, 6% used [0x00000000f0380000,0x00000000f0690000,0x00000000f3080000)
  to   space 46592K, 0% used [0x00000000f9800000,0x00000000f9800000,0x00000000fc580000)
 ParOldGen       total 341504K, used 110028K [0x0000000080000000, 0x0000000094d80000, 0x00000000d5580000)
  object space 341504K, 32% used [0x0000000080000000,0x0000000086b731c0,0x0000000094d80000)
 Metaspace       used 104739K, capacity 109704K, committed 109952K, reserved 1144832K
  class space    used 13492K, capacity 14430K, committed 14464K, reserved 1048576K
}
Event: 870.229 GC heap before
{Heap before GC invocations=28 (full 4):
 PSYoungGen      total 486400K, used 443456K [0x00000000d5580000, 0x00000000fc580000, 0x0000000100000000)
  eden space 440320K, 100% used [0x00000000d5580000,0x00000000f0380000,0x00000000f0380000)
  from space 46080K, 6% used [0x00000000f0380000,0x00000000f0690000,0x00000000f3080000)
  to   space 46592K, 0% used [0x00000000f9800000,0x00000000f9800000,0x00000000fc580000)
 ParOldGen       total 341504K, used 110028K [0x0000000080000000, 0x0000000094d80000, 0x00000000d5580000)
  object space 341504K, 32% used [0x0000000080000000,0x0000000086b731c0,0x0000000094d80000)
 Metaspace       used 105049K, capacity 110070K, committed 110336K, reserved 1144832K
  class space    used 13511K, capacity 14475K, committed 14592K, reserved 1048576K
Event: 870.245 GC heap after
Heap after GC invocations=28 (full 4):
 PSYoungGen      total 579072K, used 9141K [0x00000000d5580000, 0x00000000fbe00000, 0x0000000100000000)
  eden space 540160K, 0% used [0x00000000d5580000,0x00000000d5580000,0x00000000f6500000)
  from space 38912K, 23% used [0x00000000f9800000,0x00000000fa0ed5c0,0x00000000fbe00000)
  to   space 45568K, 0% used [0x00000000f6500000,0x00000000f6500000,0x00000000f9180000)
 ParOldGen       total 341504K, used 113004K [0x0000000080000000, 0x0000000094d80000, 0x00000000d5580000)
  object space 341504K, 33% used [0x0000000080000000,0x0000000086e5b1c0,0x0000000094d80000)
 Metaspace       used 105049K, capacity 110070K, committed 110336K, reserved 1144832K
  class space    used 13511K, capacity 14475K, committed 14592K, reserved 1048576K
}
Event: 941.444 GC heap before
{Heap before GC invocations=29 (full 4):
 PSYoungGen      total 579072K, used 549301K [0x00000000d5580000, 0x00000000fbe00000, 0x0000000100000000)
  eden space 540160K, 100% used [0x00000000d5580000,0x00000000f6500000,0x00000000f6500000)
  from space 38912K, 23% used [0x00000000f9800000,0x00000000fa0ed5c0,0x00000000fbe00000)
  to   space 45568K, 0% used [0x00000000f6500000,0x00000000f6500000,0x00000000f9180000)
 ParOldGen       total 341504K, used 113004K [0x0000000080000000, 0x0000000094d80000, 0x00000000d5580000)
  object space 341504K, 33% used [0x0000000080000000,0x0000000086e5b1c0,0x0000000094d80000)
 Metaspace       used 107129K, capacity 112174K, committed 112256K, reserved 1146880K
  class space    used 13772K, capacity 14717K, committed 14720K, reserved 1048576K
Event: 941.460 GC heap after
Heap after GC invocations=29 (full 4):
 PSYoungGen      total 585728K, used 3869K [0x00000000d5580000, 0x00000000fbe00000, 0x0000000100000000)
  eden space 540160K, 0% used [0x00000000d5580000,0x00000000d5580000,0x00000000f6500000)
  from space 45568K, 8% used [0x00000000f6500000,0x00000000f68c75d0,0x00000000f9180000)
  to   space 38912K, 0% used [0x00000000f9800000,0x00000000f9800000,0x00000000fbe00000)
 ParOldGen       total 341504K, used 119992K [0x0000000080000000, 0x0000000094d80000, 0x00000000d5580000)
  object space 341504K, 35% used [0x0000000080000000,0x000000008752e210,0x0000000094d80000)
 Metaspace       used 107129K, capacity 112174K, committed 112256K, reserved 1146880K
  class space    used 13772K, capacity 14717K, committed 14720K, reserved 1048576K
}

